2024.11.14 20:40:33 INFO  Started: Metals version 1.4.0 in folders 'C:\Users\miney\shiritori-game' for client Visual Studio Code 1.95.2.
2024.11.14 20:40:35 WARN  Flyway upgrade recommended: H2 2.3.232 is newer than this version of Flyway and support has not been tested. The latest supported version of H2 is 2.2.224.
2024.11.14 20:41:03 INFO  no build target found for C:\Users\miney\shiritori-game\app\controllers\HomeController.scala. Using presentation compiler with project's scala-library version: 3.3.4
2024.11.14 20:41:03 INFO  no build target found for C:\Users\miney\shiritori-game\app\controllers\HomeController.scala. Using presentation compiler with project's scala-library version: 3.3.4
2024.11.14 20:41:07 INFO  no build target found for C:\Users\miney\shiritori-game\app\controllers\HomeController.scala. Using presentation compiler with project's scala-library version: 3.3.4
2024.11.14 20:41:07 INFO  no build target found for C:\Users\miney\shiritori-game\app\controllers\HomeController.scala. Using presentation compiler with project's scala-library version: 3.3.4
2024.11.14 20:41:07 INFO  no build target found for C:\Users\miney\shiritori-game\app\controllers\HomeController.scala. Using presentation compiler with project's scala-library version: 3.3.4
2024.11.14 20:41:59 INFO  no build target found for C:\Users\miney\shiritori-game\app\controllers\HomeController.scala. Using presentation compiler with project's scala-library version: 3.3.4
2024.11.14 20:41:59 INFO  no build target found for C:\Users\miney\shiritori-game\build.sbt. Using presentation compiler with project's scala-library version: 3.3.4
2024.11.14 20:42:00 INFO  no build target found for C:\Users\miney\shiritori-game\build.sbt. Using presentation compiler with project's scala-library version: 3.3.4
2024.11.14 20:42:00 INFO  no build target found for C:\Users\miney\shiritori-game\build.sbt. Using presentation compiler with project's scala-library version: 3.3.4
2024.11.14 20:42:00 INFO  no build target found for C:\Users\miney\shiritori-game\build.sbt. Using presentation compiler with project's scala-library version: 3.3.4
2024.11.14 20:42:02 INFO  no build target found for C:\Users\miney\shiritori-game\build.sbt. Using presentation compiler with project's scala-library version: 3.3.4
2024.11.14 20:42:08 INFO  no build target found for C:\Users\miney\shiritori-game\build.sbt. Using presentation compiler with project's scala-library version: 3.3.4
2024.11.14 20:42:10 INFO  no build target found for C:\Users\miney\shiritori-game\build.sbt. Using presentation compiler with project's scala-library version: 3.3.4
2024.11.14 20:42:10 INFO  no build target found for C:\Users\miney\shiritori-game\build.sbt. Using presentation compiler with project's scala-library version: 3.3.4
2024.11.14 20:42:11 INFO  no build target found for C:\Users\miney\shiritori-game\build.sbt. Using presentation compiler with project's scala-library version: 3.3.4
2024.11.14 20:42:11 INFO  no build target found for C:\Users\miney\shiritori-game\build.sbt. Using presentation compiler with project's scala-library version: 3.3.4
2024.11.14 20:42:11 INFO  no build target found for C:\Users\miney\shiritori-game\build.sbt. Using presentation compiler with project's scala-library version: 3.3.4
2024.11.14 20:42:12 INFO  no build target found for C:\Users\miney\shiritori-game\build.sbt. Using presentation compiler with project's scala-library version: 3.3.4
2024.11.14 20:42:12 WARN  Could not find semantic tokens for: file:///C:/Users/miney/shiritori-game/build.sbt
2024.11.14 20:42:13 INFO  no build target found for C:\Users\miney\shiritori-game\build.sbt. Using presentation compiler with project's scala-library version: 3.3.4
2024.11.14 20:42:13 INFO  no build target found for C:\Users\miney\shiritori-game\build.sbt. Using presentation compiler with project's scala-library version: 3.3.4
2024.11.14 20:42:13 INFO  no build target found for C:\Users\miney\shiritori-game\build.sbt. Using presentation compiler with project's scala-library version: 3.3.4
2024.11.14 20:42:13 WARN  no build target for: C:\Users\miney\shiritori-game\build.sbt
2024.11.14 20:42:13 INFO  no build target found for C:\Users\miney\shiritori-game\build.sbt. Using presentation compiler with project's scala-library version: 3.3.4
2024.11.14 20:42:13 WARN  Could not find semantic tokens for: file:///C:/Users/miney/shiritori-game/build.sbt
2024.11.14 20:42:19 INFO  no build target found for C:\Users\miney\shiritori-game\build.sbt. Using presentation compiler with project's scala-library version: 3.3.4
11月 14, 2024 8:42:19 午後 org.eclipse.lsp4j.jsonrpc.RemoteEndpoint handleCancellation
警告: Unmatched cancel notification for request id 51
2024.11.14 20:42:19 INFO  no build target found for C:\Users\miney\shiritori-game\build.sbt. Using presentation compiler with project's scala-library version: 3.3.4
2024.11.14 20:42:19 INFO  no build target found for C:\Users\miney\shiritori-game\build.sbt. Using presentation compiler with project's scala-library version: 3.3.4
2024.11.14 20:42:19 INFO  no build target found for C:\Users\miney\shiritori-game\build.sbt. Using presentation compiler with project's scala-library version: 3.3.4
2024.11.14 20:42:21 INFO  no build target found for C:\Users\miney\shiritori-game\build.sbt. Using presentation compiler with project's scala-library version: 3.3.4
2024.11.14 20:42:30 INFO  no build target found for C:\Users\miney\shiritori-game\build.sbt. Using presentation compiler with project's scala-library version: 3.3.4
2024.11.14 20:42:47 INFO  no build target found for C:\Users\miney\shiritori-game\build.sbt. Using presentation compiler with project's scala-library version: 3.3.4
2024.11.14 20:42:55 INFO  no build target found for C:\Users\miney\shiritori-game\build.sbt. Using presentation compiler with project's scala-library version: 3.3.4
2024.11.14 20:42:55 INFO  no build target found for C:\Users\miney\shiritori-game\build.sbt. Using presentation compiler with project's scala-library version: 3.3.4
2024.11.14 20:42:55 INFO  no build target found for C:\Users\miney\shiritori-game\build.sbt. Using presentation compiler with project's scala-library version: 3.3.4
2024.11.14 20:42:56 INFO  no build target found for C:\Users\miney\shiritori-game\build.sbt. Using presentation compiler with project's scala-library version: 3.3.4
2024.11.14 20:42:56 INFO  no build target found for C:\Users\miney\shiritori-game\build.sbt. Using presentation compiler with project's scala-library version: 3.3.4
2024.11.14 20:42:56 INFO  no build target found for C:\Users\miney\shiritori-game\build.sbt. Using presentation compiler with project's scala-library version: 3.3.4
2024.11.14 20:42:58 INFO  no build target found for C:\Users\miney\shiritori-game\build.sbt. Using presentation compiler with project's scala-library version: 3.3.4
2024.11.14 20:42:58 INFO  no build target found for C:\Users\miney\shiritori-game\build.sbt. Using presentation compiler with project's scala-library version: 3.3.4
2024.11.14 20:42:58 INFO  no build target found for C:\Users\miney\shiritori-game\build.sbt. Using presentation compiler with project's scala-library version: 3.3.4
2024.11.14 20:42:59 INFO  no build target found for C:\Users\miney\shiritori-game\build.sbt. Using presentation compiler with project's scala-library version: 3.3.4
2024.11.14 20:43:00 WARN  no build target for: C:\Users\miney\shiritori-game\build.sbt
2024.11.14 20:43:00 INFO  no build target found for C:\Users\miney\shiritori-game\build.sbt. Using presentation compiler with project's scala-library version: 3.3.4
2024.11.14 20:43:00 INFO  no build target found for C:\Users\miney\shiritori-game\build.sbt. Using presentation compiler with project's scala-library version: 3.3.4
2024.11.14 20:43:43 INFO  no build target found for C:\Users\miney\shiritori-game\app\models\game.scala. Using presentation compiler with project's scala-library version: 3.3.4
2024.11.14 20:43:43 WARN  Could not find semantic tokens for: file:///C:/Users/miney/shiritori-game/app/models/game.scala
2024.11.14 20:43:51 INFO  no build target found for C:\Users\miney\shiritori-game\app\models\game.scala. Using presentation compiler with project's scala-library version: 3.3.4
2024.11.14 20:43:51 INFO  no build target found for C:\Users\miney\shiritori-game\build.sbt. Using presentation compiler with project's scala-library version: 3.3.4
2024.11.14 20:43:51 INFO  no build target found for C:\Users\miney\shiritori-game\build.sbt. Using presentation compiler with project's scala-library version: 3.3.4
2024.11.14 20:43:52 INFO  no build target found for C:\Users\miney\shiritori-game\build.sbt. Using presentation compiler with project's scala-library version: 3.3.4
2024.11.14 20:43:54 INFO  no build target found for C:\Users\miney\shiritori-game\app\models\game.scala. Using presentation compiler with project's scala-library version: 3.3.4
2024.11.14 20:43:54 WARN  Could not find semantic tokens for: file:///C:/Users/miney/shiritori-game/app/models/game.scala
2024.11.14 20:44:11 INFO  no build target found for C:\Users\miney\shiritori-game\app\models\Game.scala. Using presentation compiler with project's scala-library version: 3.3.4
2024.11.14 20:44:11 INFO  no build target found for C:\Users\miney\shiritori-game\app\models\Game.scala. Using presentation compiler with project's scala-library version: 3.3.4
2024.11.14 20:44:13 INFO  no build target found for C:\Users\miney\shiritori-game\app\models\Game.scala. Using presentation compiler with project's scala-library version: 3.3.4
2024.11.14 20:44:13 INFO  no build target found for C:\Users\miney\shiritori-game\app\models\Game.scala. Using presentation compiler with project's scala-library version: 3.3.4
Exception in thread "pool-33-thread-1" java.lang.InterruptedException
	at scala.meta.internal.metals.FutureCancelToken.checkCanceled(FutureCancelToken.scala:29)
	at scala.meta.internal.pc.CompilerAccess.onCompilerJobQueue$$anonfun$1(CompilerAccess.scala:244)
	at scala.meta.internal.pc.CompilerJobQueue$Job.run(CompilerJobQueue.scala:153)
	at java.base/java.util.concurrent.ThreadPoolExecutor.runWorker(ThreadPoolExecutor.java:1144)
	at java.base/java.util.concurrent.ThreadPoolExecutor$Worker.run(ThreadPoolExecutor.java:642)
	at java.base/java.lang.Thread.run(Thread.java:1583)
2024.11.14 20:44:13 WARN  no build target for: C:\Users\miney\shiritori-game\app\models\Game.scala
2024.11.14 20:44:13 INFO  no build target found for C:\Users\miney\shiritori-game\app\models\Game.scala. Using presentation compiler with project's scala-library version: 3.3.4
2024.11.14 20:44:14 INFO  no build target found for C:\Users\miney\shiritori-game\app\models\Game.scala. Using presentation compiler with project's scala-library version: 3.3.4
2024.11.14 20:44:54 INFO  no build target found for C:\Users\miney\shiritori-game\app\controllers\HomeController.scala. Using presentation compiler with project's scala-library version: 3.3.4
2024.11.14 20:44:54 INFO  no build target found for C:\Users\miney\shiritori-game\app\controllers\HomeController.scala. Using presentation compiler with project's scala-library version: 3.3.4
2024.11.14 20:45:01 INFO  no build target found for c:\Users\miney\shiritori-game\app\controllers\HomeController.scala. Using presentation compiler with project's scala-library version: 3.3.4
2024.11.14 20:45:01 INFO  no build target found for C:\Users\miney\shiritori-game\app\models\Game.scala. Using presentation compiler with project's scala-library version: 3.3.4
11月 14, 2024 8:45:02 午後 org.eclipse.lsp4j.jsonrpc.RemoteEndpoint handleCancellation
警告: Unmatched cancel notification for request id 158
2024.11.14 20:45:02 INFO  no build target found for C:\Users\miney\shiritori-game\app\models\Game.scala. Using presentation compiler with project's scala-library version: 3.3.4
2024.11.14 20:45:26 INFO  no build target found for C:\Users\miney\shiritori-game\app\controllers\ShiritoriController.scala. Using presentation compiler with project's scala-library version: 3.3.4
2024.11.14 20:45:26 WARN  Could not find semantic tokens for: file:///C:/Users/miney/shiritori-game/app/controllers/ShiritoriController.scala
2024.11.14 20:45:39 INFO  no build target found for C:\Users\miney\shiritori-game\app\controllers\ShiritoriController.scala. Using presentation compiler with project's scala-library version: 3.3.4
2024.11.14 20:45:39 INFO  no build target found for C:\Users\miney\shiritori-game\app\controllers\ShiritoriController.scala. Using presentation compiler with project's scala-library version: 3.3.4
2024.11.14 20:45:40 WARN  no build target for: C:\Users\miney\shiritori-game\app\controllers\ShiritoriController.scala
2024.11.14 20:45:40 INFO  no build target found for C:\Users\miney\shiritori-game\app\controllers\ShiritoriController.scala. Using presentation compiler with project's scala-library version: 3.3.4
2024.11.14 20:45:40 INFO  no build target found for C:\Users\miney\shiritori-game\app\controllers\ShiritoriController.scala. Using presentation compiler with project's scala-library version: 3.3.4
2024.11.14 20:45:40 INFO  no build target found for C:\Users\miney\shiritori-game\app\controllers\ShiritoriController.scala. Using presentation compiler with project's scala-library version: 3.3.4
2024.11.14 20:45:40 INFO  no build target found for C:\Users\miney\shiritori-game\app\controllers\ShiritoriController.scala. Using presentation compiler with project's scala-library version: 3.3.4
2024.11.14 20:45:40 INFO  no build target found for C:\Users\miney\shiritori-game\app\controllers\ShiritoriController.scala. Using presentation compiler with project's scala-library version: 3.3.4
2024.11.14 20:45:42 INFO  no build target found for C:\Users\miney\shiritori-game\app\controllers\ShiritoriController.scala. Using presentation compiler with project's scala-library version: 3.3.4
2024.11.14 20:53:24 INFO  no build target found for C:\Users\miney\shiritori-game\build.sbt. Using presentation compiler with project's scala-library version: 3.3.4
2024.11.14 20:53:24 INFO  no build target found for C:\Users\miney\shiritori-game\build.sbt. Using presentation compiler with project's scala-library version: 3.3.4
2024.11.14 20:53:24 INFO  no build target found for C:\Users\miney\shiritori-game\build.sbt. Using presentation compiler with project's scala-library version: 3.3.4
2024.11.14 20:53:26 INFO  no build target found for C:\Users\miney\shiritori-game\build.sbt. Using presentation compiler with project's scala-library version: 3.3.4
2024.11.14 20:53:26 INFO  no build target found for C:\Users\miney\shiritori-game\build.sbt. Using presentation compiler with project's scala-library version: 3.3.4
2024.11.14 20:53:26 INFO  no build target found for C:\Users\miney\shiritori-game\build.sbt. Using presentation compiler with project's scala-library version: 3.3.4
2024.11.14 20:53:26 INFO  no build target found for C:\Users\miney\shiritori-game\build.sbt. Using presentation compiler with project's scala-library version: 3.3.4
2024.11.14 20:53:26 INFO  no build target found for C:\Users\miney\shiritori-game\build.sbt. Using presentation compiler with project's scala-library version: 3.3.4
2024.11.14 20:53:27 INFO  no build target found for C:\Users\miney\shiritori-game\build.sbt. Using presentation compiler with project's scala-library version: 3.3.4
2024.11.14 20:53:27 INFO  no build target found for C:\Users\miney\shiritori-game\build.sbt. Using presentation compiler with project's scala-library version: 3.3.4
2024.11.14 20:53:27 INFO  no build target found for C:\Users\miney\shiritori-game\build.sbt. Using presentation compiler with project's scala-library version: 3.3.4
2024.11.14 20:53:27 INFO  no build target found for C:\Users\miney\shiritori-game\build.sbt. Using presentation compiler with project's scala-library version: 3.3.4
2024.11.14 20:53:27 INFO  no build target found for C:\Users\miney\shiritori-game\build.sbt. Using presentation compiler with project's scala-library version: 3.3.4
2024.11.14 20:53:28 WARN  no build target for: C:\Users\miney\shiritori-game\build.sbt
2024.11.14 20:53:28 INFO  no build target found for C:\Users\miney\shiritori-game\build.sbt. Using presentation compiler with project's scala-library version: 3.3.4
2024.11.14 20:53:28 INFO  no build target found for C:\Users\miney\shiritori-game\build.sbt. Using presentation compiler with project's scala-library version: 3.3.4
2024.11.14 20:53:28 INFO  no build target found for C:\Users\miney\shiritori-game\build.sbt. Using presentation compiler with project's scala-library version: 3.3.4
2024.11.14 20:53:28 INFO  no build target found for C:\Users\miney\shiritori-game\build.sbt. Using presentation compiler with project's scala-library version: 3.3.4
2024.11.14 20:53:28 INFO  no build target found for C:\Users\miney\shiritori-game\build.sbt. Using presentation compiler with project's scala-library version: 3.3.4
2024.11.14 20:55:03 INFO  no build target found for C:\Users\miney\shiritori-game\build.sbt. Using presentation compiler with project's scala-library version: 3.3.4
2024.11.14 20:55:03 INFO  no build target found for C:\Users\miney\shiritori-game\build.sbt. Using presentation compiler with project's scala-library version: 3.3.4
2024.11.14 20:55:26 INFO  no build target found for C:\Users\miney\shiritori-game\build.sbt. Using presentation compiler with project's scala-library version: 3.3.4
2024.11.14 20:55:32 INFO  no build target found for C:\Users\miney\shiritori-game\build.sbt. Using presentation compiler with project's scala-library version: 3.3.4
2024.11.14 20:55:32 INFO  no build target found for C:\Users\miney\shiritori-game\build.sbt. Using presentation compiler with project's scala-library version: 3.3.4
2024.11.14 20:55:48 INFO  no build target found for C:\Users\miney\shiritori-game\app\models\Game.scala. Using presentation compiler with project's scala-library version: 3.3.4
2024.11.14 20:55:48 INFO  no build target found for C:\Users\miney\shiritori-game\app\models\Game.scala. Using presentation compiler with project's scala-library version: 3.3.4
2024.11.14 20:55:49 INFO  no build target found for C:\Users\miney\shiritori-game\app\models\Game.scala. Using presentation compiler with project's scala-library version: 3.3.4
2024.11.14 20:55:49 INFO  no build target found for C:\Users\miney\shiritori-game\app\models\Game.scala. Using presentation compiler with project's scala-library version: 3.3.4
2024.11.14 20:55:57 INFO  no build target found for C:\Users\miney\shiritori-game\app\models\Game.scala. Using presentation compiler with project's scala-library version: 3.3.4
2024.11.14 20:57:04 INFO  no build target found for C:\Users\miney\shiritori-game\app\models\Game.scala. Using presentation compiler with project's scala-library version: 3.3.4
2024.11.14 20:57:04 INFO  no build target found for C:\Users\miney\shiritori-game\app\models\Game.scala. Using presentation compiler with project's scala-library version: 3.3.4
2024.11.14 20:57:04 INFO  no build target found for C:\Users\miney\shiritori-game\app\models\Game.scala. Using presentation compiler with project's scala-library version: 3.3.4
2024.11.14 20:57:04 INFO  no build target found for C:\Users\miney\shiritori-game\app\models\Game.scala. Using presentation compiler with project's scala-library version: 3.3.4
2024.11.14 20:57:04 INFO  no build target found for C:\Users\miney\shiritori-game\app\models\Game.scala. Using presentation compiler with project's scala-library version: 3.3.4
2024.11.14 20:57:05 INFO  no build target found for C:\Users\miney\shiritori-game\app\models\Game.scala. Using presentation compiler with project's scala-library version: 3.3.4
2024.11.14 20:57:05 INFO  no build target found for C:\Users\miney\shiritori-game\app\models\Game.scala. Using presentation compiler with project's scala-library version: 3.3.4
2024.11.14 20:57:05 INFO  no build target found for C:\Users\miney\shiritori-game\app\models\Game.scala. Using presentation compiler with project's scala-library version: 3.3.4
2024.11.14 20:57:05 INFO  no build target found for C:\Users\miney\shiritori-game\app\models\Game.scala. Using presentation compiler with project's scala-library version: 3.3.4
2024.11.14 20:57:05 INFO  no build target found for C:\Users\miney\shiritori-game\app\models\Game.scala. Using presentation compiler with project's scala-library version: 3.3.4
2024.11.14 20:57:05 INFO  no build target found for C:\Users\miney\shiritori-game\app\models\Game.scala. Using presentation compiler with project's scala-library version: 3.3.4
2024.11.14 20:57:05 INFO  no build target found for C:\Users\miney\shiritori-game\app\models\Game.scala. Using presentation compiler with project's scala-library version: 3.3.4
2024.11.14 20:57:06 INFO  no build target found for C:\Users\miney\shiritori-game\app\models\Game.scala. Using presentation compiler with project's scala-library version: 3.3.4
2024.11.14 20:57:06 INFO  no build target found for C:\Users\miney\shiritori-game\app\models\Game.scala. Using presentation compiler with project's scala-library version: 3.3.4
2024.11.14 20:57:06 INFO  no build target found for C:\Users\miney\shiritori-game\app\models\Game.scala. Using presentation compiler with project's scala-library version: 3.3.4
2024.11.14 20:57:06 INFO  no build target found for C:\Users\miney\shiritori-game\app\models\Game.scala. Using presentation compiler with project's scala-library version: 3.3.4
2024.11.14 20:57:07 INFO  no build target found for C:\Users\miney\shiritori-game\app\models\Game.scala. Using presentation compiler with project's scala-library version: 3.3.4
2024.11.14 20:57:14 WARN  no build target for: C:\Users\miney\shiritori-game\app\models\Game.scala
2024.11.14 20:57:14 INFO  no build target found for C:\Users\miney\shiritori-game\app\models\Game.scala. Using presentation compiler with project's scala-library version: 3.3.4
2024.11.14 20:57:14 INFO  no build target found for C:\Users\miney\shiritori-game\app\models\Game.scala. Using presentation compiler with project's scala-library version: 3.3.4
2024.11.14 20:57:14 INFO  no build target found for C:\Users\miney\shiritori-game\app\models\Game.scala. Using presentation compiler with project's scala-library version: 3.3.4
2024.11.14 20:57:14 INFO  no build target found for C:\Users\miney\shiritori-game\app\models\Game.scala. Using presentation compiler with project's scala-library version: 3.3.4
2024.11.14 20:57:32 INFO  no build target found for C:\Users\miney\shiritori-game\app\models\Game.scala. Using presentation compiler with project's scala-library version: 3.3.4
2024.11.14 20:58:20 INFO  no build target found for C:\Users\miney\shiritori-game\app\models\Game.scala. Using presentation compiler with project's scala-library version: 3.3.4
2024.11.14 20:59:03 INFO  no build target found for C:\Users\miney\shiritori-game\app\models\Game.scala. Using presentation compiler with project's scala-library version: 3.3.4
2024.11.14 20:59:50 INFO  no build target found for C:\Users\miney\shiritori-game\app\controllers\ShiritoriController.scala. Using presentation compiler with project's scala-library version: 3.3.4
2024.11.14 20:59:50 INFO  no build target found for C:\Users\miney\shiritori-game\app\controllers\ShiritoriController.scala. Using presentation compiler with project's scala-library version: 3.3.4
2024.11.14 20:59:52 INFO  no build target found for C:\Users\miney\shiritori-game\app\controllers\ShiritoriController.scala. Using presentation compiler with project's scala-library version: 3.3.4
2024.11.14 20:59:52 INFO  no build target found for C:\Users\miney\shiritori-game\app\controllers\ShiritoriController.scala. Using presentation compiler with project's scala-library version: 3.3.4
2024.11.14 20:59:53 INFO  no build target found for C:\Users\miney\shiritori-game\app\controllers\ShiritoriController.scala. Using presentation compiler with project's scala-library version: 3.3.4
2024.11.14 20:59:56 WARN  no build target for: C:\Users\miney\shiritori-game\app\controllers\ShiritoriController.scala
2024.11.14 20:59:56 INFO  no build target found for C:\Users\miney\shiritori-game\app\controllers\ShiritoriController.scala. Using presentation compiler with project's scala-library version: 3.3.4
2024.11.14 20:59:56 INFO  no build target found for C:\Users\miney\shiritori-game\app\controllers\ShiritoriController.scala. Using presentation compiler with project's scala-library version: 3.3.4
2024.11.14 21:04:40 INFO  no build target found for C:\Users\miney\shiritori-game\app\controllers\ShiritoriController.scala. Using presentation compiler with project's scala-library version: 3.3.4
2024.11.14 21:04:40 INFO  no build target found for C:\Users\miney\shiritori-game\app\controllers\ShiritoriController.scala. Using presentation compiler with project's scala-library version: 3.3.4
2024.11.14 21:04:42 INFO  no build target found for C:\Users\miney\shiritori-game\app\controllers\ShiritoriController.scala. Using presentation compiler with project's scala-library version: 3.3.4
2024.11.14 21:04:42 INFO  no build target found for C:\Users\miney\shiritori-game\app\controllers\ShiritoriController.scala. Using presentation compiler with project's scala-library version: 3.3.4
2024.11.14 21:04:43 INFO  no build target found for C:\Users\miney\shiritori-game\app\controllers\ShiritoriController.scala. Using presentation compiler with project's scala-library version: 3.3.4
2024.11.14 21:04:43 WARN  no build target for: C:\Users\miney\shiritori-game\app\controllers\ShiritoriController.scala
2024.11.14 21:04:43 INFO  no build target found for C:\Users\miney\shiritori-game\app\controllers\ShiritoriController.scala. Using presentation compiler with project's scala-library version: 3.3.4
2024.11.14 21:04:43 INFO  no build target found for C:\Users\miney\shiritori-game\app\controllers\ShiritoriController.scala. Using presentation compiler with project's scala-library version: 3.3.4
2024.11.14 21:04:44 INFO  no build target found for C:\Users\miney\shiritori-game\app\controllers\ShiritoriController.scala. Using presentation compiler with project's scala-library version: 3.3.4
Exception in thread "pool-81-thread-1" java.lang.InterruptedException
	at scala.meta.internal.metals.FutureCancelToken.checkCanceled(FutureCancelToken.scala:29)
	at scala.meta.internal.pc.CompilerAccess.onCompilerJobQueue$$anonfun$1(CompilerAccess.scala:244)
	at scala.meta.internal.pc.CompilerJobQueue$Job.run(CompilerJobQueue.scala:153)
	at java.base/java.util.concurrent.ThreadPoolExecutor.runWorker(ThreadPoolExecutor.java:1144)
	at java.base/java.util.concurrent.ThreadPoolExecutor$Worker.run(ThreadPoolExecutor.java:642)
	at java.base/java.lang.Thread.run(Thread.java:1583)
2024.11.14 21:04:48 INFO  no build target found for C:\Users\miney\shiritori-game\app\controllers\ShiritoriController.scala. Using presentation compiler with project's scala-library version: 3.3.4
2024.11.14 21:13:38 INFO  Shutting down server
2024.11.14 21:13:38 INFO  shutting down Metals
2024.11.14 21:13:38 INFO  Exiting server
2024.11.14 21:13:39 ERROR Unexpected error initializing server: 
org.eclipse.lsp4j.jsonrpc.ResponseErrorException: Request window/showMessageRequest failed with message: Canceled
	at org.eclipse.lsp4j.jsonrpc.RemoteEndpoint.handleResponse(RemoteEndpoint.java:220)
	at org.eclipse.lsp4j.jsonrpc.RemoteEndpoint.consume(RemoteEndpoint.java:204)
	at org.eclipse.lsp4j.jsonrpc.json.StreamMessageProducer.handleMessage(StreamMessageProducer.java:185)
	at org.eclipse.lsp4j.jsonrpc.json.StreamMessageProducer.listen(StreamMessageProducer.java:97)
	at org.eclipse.lsp4j.jsonrpc.json.ConcurrentMessageProcessor.run(ConcurrentMessageProcessor.java:114)
	at java.util.concurrent.Executors$RunnableAdapter.call(Executors.java:572)
	at java.util.concurrent.FutureTask.run(FutureTask.java:317)
	at java.util.concurrent.ThreadPoolExecutor.runWorker(ThreadPoolExecutor.java:1144)
	at java.util.concurrent.ThreadPoolExecutor$Worker.run(ThreadPoolExecutor.java:642)
	at java.lang.Thread.run(Thread.java:1583)

2024.11.16 13:47:00 INFO  Started: Metals version 1.4.0 in folders 'C:\Users\miney\shiritori-game' for client Visual Studio Code 1.95.2.
2024.11.16 13:47:02 WARN  Flyway upgrade recommended: H2 2.3.232 is newer than this version of Flyway and support has not been tested. The latest supported version of H2 is 2.2.224.
2024.11.16 13:47:03 INFO  no build target found for C:\Users\miney\shiritori-game\app\controllers\ShiritoriController.scala. Using presentation compiler with project's scala-library version: 3.3.4
2024.11.16 13:47:57 INFO  no build target found for C:\Users\miney\shiritori-game\app\controllers\ShiritoriController.scala. Using presentation compiler with project's scala-library version: 3.3.4
2024.11.16 13:47:58 INFO  no build target found for C:\Users\miney\shiritori-game\app\controllers\ShiritoriController.scala. Using presentation compiler with project's scala-library version: 3.3.4
2024.11.16 13:48:04 INFO  no build target found for C:\Users\miney\shiritori-game\app\controllers\ShiritoriController.scala. Using presentation compiler with project's scala-library version: 3.3.4
2024.11.16 13:48:07 INFO  no build target found for C:\Users\miney\shiritori-game\app\controllers\ShiritoriController.scala. Using presentation compiler with project's scala-library version: 3.3.4
2024.11.16 13:48:10 INFO  no build target found for C:\Users\miney\shiritori-game\app\controllers\ShiritoriController.scala. Using presentation compiler with project's scala-library version: 3.3.4
2024.11.16 13:48:11 INFO  no build target found for C:\Users\miney\shiritori-game\app\controllers\ShiritoriController.scala. Using presentation compiler with project's scala-library version: 3.3.4
2024.11.16 13:48:14 INFO  no build target found for C:\Users\miney\shiritori-game\app\controllers\ShiritoriController.scala. Using presentation compiler with project's scala-library version: 3.3.4
2024.11.16 13:48:14 INFO  no build target found for C:\Users\miney\shiritori-game\app\controllers\ShiritoriController.scala. Using presentation compiler with project's scala-library version: 3.3.4
2024.11.16 13:48:15 INFO  no build target found for C:\Users\miney\shiritori-game\app\controllers\ShiritoriController.scala. Using presentation compiler with project's scala-library version: 3.3.4
2024.11.16 13:48:18 INFO  no build target found for C:\Users\miney\shiritori-game\app\controllers\ShiritoriController.scala. Using presentation compiler with project's scala-library version: 3.3.4
2024.11.16 13:48:18 INFO  no build target found for C:\Users\miney\shiritori-game\app\controllers\ShiritoriController.scala. Using presentation compiler with project's scala-library version: 3.3.4
2024.11.16 13:48:20 INFO  no build target found for C:\Users\miney\shiritori-game\app\controllers\ShiritoriController.scala. Using presentation compiler with project's scala-library version: 3.3.4
2024.11.16 13:48:20 INFO  no build target found for C:\Users\miney\shiritori-game\app\controllers\ShiritoriController.scala. Using presentation compiler with project's scala-library version: 3.3.4
2024.11.16 13:48:22 INFO  no build target found for C:\Users\miney\shiritori-game\app\controllers\ShiritoriController.scala. Using presentation compiler with project's scala-library version: 3.3.4
2024.11.16 13:48:24 INFO  no build target found for C:\Users\miney\shiritori-game\app\controllers\ShiritoriController.scala. Using presentation compiler with project's scala-library version: 3.3.4
2024.11.16 13:48:24 INFO  no build target found for C:\Users\miney\shiritori-game\app\controllers\ShiritoriController.scala. Using presentation compiler with project's scala-library version: 3.3.4
2024.11.16 13:48:29 INFO  no build target found for C:\Users\miney\shiritori-game\app\models\Game.scala. Using presentation compiler with project's scala-library version: 3.3.4
2024.11.16 13:48:29 INFO  no build target found for C:\Users\miney\shiritori-game\app\models\Game.scala. Using presentation compiler with project's scala-library version: 3.3.4
2024.11.16 13:48:29 INFO  no build target found for C:\Users\miney\shiritori-game\app\models\Game.scala. Using presentation compiler with project's scala-library version: 3.3.4
2024.11.16 13:48:30 INFO  no build target found for C:\Users\miney\shiritori-game\build.sbt. Using presentation compiler with project's scala-library version: 3.3.4
2024.11.16 13:48:30 INFO  no build target found for C:\Users\miney\shiritori-game\build.sbt. Using presentation compiler with project's scala-library version: 3.3.4
2024.11.16 13:48:30 INFO  no build target found for C:\Users\miney\shiritori-game\build.sbt. Using presentation compiler with project's scala-library version: 3.3.4
2024.11.16 13:48:30 INFO  no build target found for C:\Users\miney\shiritori-game\app\models\Game.scala. Using presentation compiler with project's scala-library version: 3.3.4
2024.11.16 13:48:30 INFO  no build target found for C:\Users\miney\shiritori-game\app\models\Game.scala. Using presentation compiler with project's scala-library version: 3.3.4
2024.11.16 13:48:30 INFO  no build target found for C:\Users\miney\shiritori-game\app\models\Game.scala. Using presentation compiler with project's scala-library version: 3.3.4
2024.11.16 13:48:31 INFO  no build target found for C:\Users\miney\shiritori-game\app\controllers\ShiritoriController.scala. Using presentation compiler with project's scala-library version: 3.3.4
2024.11.16 13:48:33 INFO  no build target found for C:\Users\miney\shiritori-game\app\controllers\ShiritoriController.scala. Using presentation compiler with project's scala-library version: 3.3.4
2024.11.16 13:49:43 INFO  no build target found for C:\Users\miney\shiritori-game\app\controllers\ShiritoriController.scala. Using presentation compiler with project's scala-library version: 3.3.4
2024.11.16 13:49:45 INFO  no build target found for C:\Users\miney\shiritori-game\app\controllers\ShiritoriController.scala. Using presentation compiler with project's scala-library version: 3.3.4
2024.11.16 13:49:54 INFO  no build target found for C:\Users\miney\shiritori-game\app\controllers\ShiritoriController.scala. Using presentation compiler with project's scala-library version: 3.3.4
2024.11.16 13:49:57 INFO  no build target found for C:\Users\miney\shiritori-game\app\controllers\ShiritoriController.scala. Using presentation compiler with project's scala-library version: 3.3.4
2024.11.16 13:50:00 INFO  no build target found for C:\Users\miney\shiritori-game\app\controllers\ShiritoriController.scala. Using presentation compiler with project's scala-library version: 3.3.4
2024.11.16 13:52:44 INFO  no build target found for C:\Users\miney\shiritori-game\build.sbt. Using presentation compiler with project's scala-library version: 3.3.4
2024.11.16 13:52:44 INFO  no build target found for C:\Users\miney\shiritori-game\build.sbt. Using presentation compiler with project's scala-library version: 3.3.4
2024.11.16 13:52:44 INFO  no build target found for C:\Users\miney\shiritori-game\build.sbt. Using presentation compiler with project's scala-library version: 3.3.4
2024.11.16 13:52:44 INFO  no build target found for C:\Users\miney\shiritori-game\build.sbt. Using presentation compiler with project's scala-library version: 3.3.4
2024.11.16 13:52:45 INFO  no build target found for C:\Users\miney\shiritori-game\app\controllers\ShiritoriController.scala. Using presentation compiler with project's scala-library version: 3.3.4
2024.11.16 13:52:45 INFO  no build target found for C:\Users\miney\shiritori-game\app\controllers\ShiritoriController.scala. Using presentation compiler with project's scala-library version: 3.3.4
2024.11.16 13:52:51 INFO  no build target found for C:\Users\miney\shiritori-game\app\controllers\ShiritoriController.scala. Using presentation compiler with project's scala-library version: 3.3.4
2024.11.16 13:52:51 INFO  no build target found for C:\Users\miney\shiritori-game\app\controllers\ShiritoriController.scala. Using presentation compiler with project's scala-library version: 3.3.4
2024.11.16 13:52:51 INFO  no build target found for C:\Users\miney\shiritori-game\app\controllers\ShiritoriController.scala. Using presentation compiler with project's scala-library version: 3.3.4
2024.11.16 13:52:53 INFO  no build target found for C:\Users\miney\shiritori-game\app\controllers\ShiritoriController.scala. Using presentation compiler with project's scala-library version: 3.3.4
2024.11.16 13:52:53 INFO  no build target found for C:\Users\miney\shiritori-game\app\controllers\ShiritoriController.scala. Using presentation compiler with project's scala-library version: 3.3.4
2024.11.16 13:52:55 INFO  no build target found for C:\Users\miney\shiritori-game\app\controllers\ShiritoriController.scala. Using presentation compiler with project's scala-library version: 3.3.4
2024.11.16 13:53:01 INFO  no build target found for C:\Users\miney\shiritori-game\app\controllers\ShiritoriController.scala. Using presentation compiler with project's scala-library version: 3.3.4
2024.11.16 13:53:01 INFO  no build target found for C:\Users\miney\shiritori-game\app\controllers\ShiritoriController.scala. Using presentation compiler with project's scala-library version: 3.3.4
2024.11.16 13:53:01 INFO  no build target found for C:\Users\miney\shiritori-game\app\controllers\ShiritoriController.scala. Using presentation compiler with project's scala-library version: 3.3.4
2024.11.16 13:53:10 INFO  no build target found for C:\Users\miney\shiritori-game\app\controllers\ShiritoriController.scala. Using presentation compiler with project's scala-library version: 3.3.4
2024.11.16 13:53:17 INFO  no build target found for C:\Users\miney\shiritori-game\app\controllers\ShiritoriController.scala. Using presentation compiler with project's scala-library version: 3.3.4
2024.11.16 13:53:20 INFO  no build target found for C:\Users\miney\shiritori-game\app\controllers\ShiritoriController.scala. Using presentation compiler with project's scala-library version: 3.3.4
2024.11.16 13:53:27 INFO  no build target found for C:\Users\miney\shiritori-game\app\controllers\ShiritoriController.scala. Using presentation compiler with project's scala-library version: 3.3.4
2024.11.16 13:53:27 INFO  no build target found for C:\Users\miney\shiritori-game\app\controllers\ShiritoriController.scala. Using presentation compiler with project's scala-library version: 3.3.4
2024.11.16 13:54:08 INFO  no build target found for C:\Users\miney\shiritori-game\app\controllers\ShiritoriController.scala. Using presentation compiler with project's scala-library version: 3.3.4
2024.11.16 13:56:48 INFO  no build target found for C:\Users\miney\shiritori-game\app\controllers\ShiritoriController.scala. Using presentation compiler with project's scala-library version: 3.3.4
2024.11.16 13:56:50 INFO  no build target found for C:\Users\miney\shiritori-game\app\controllers\ShiritoriController.scala. Using presentation compiler with project's scala-library version: 3.3.4
2024.11.16 13:56:52 INFO  no build target found for C:\Users\miney\shiritori-game\app\controllers\ShiritoriController.scala. Using presentation compiler with project's scala-library version: 3.3.4
2024.11.16 13:56:52 INFO  no build target found for C:\Users\miney\shiritori-game\app\controllers\ShiritoriController.scala. Using presentation compiler with project's scala-library version: 3.3.4
2024.11.16 13:57:14 INFO  no build target found for C:\Users\miney\shiritori-game\app\controllers\ShiritoriController.scala. Using presentation compiler with project's scala-library version: 3.3.4
2024.11.16 13:57:14 INFO  no build target found for C:\Users\miney\shiritori-game\app\controllers\ShiritoriController.scala. Using presentation compiler with project's scala-library version: 3.3.4
2024.11.16 13:57:15 INFO  no build target found for C:\Users\miney\shiritori-game\app\controllers\ShiritoriController.scala. Using presentation compiler with project's scala-library version: 3.3.4
2024.11.16 13:57:15 INFO  no build target found for C:\Users\miney\shiritori-game\app\controllers\ShiritoriController.scala. Using presentation compiler with project's scala-library version: 3.3.4
2024.11.16 13:57:17 INFO  no build target found for C:\Users\miney\shiritori-game\app\controllers\ShiritoriController.scala. Using presentation compiler with project's scala-library version: 3.3.4
2024.11.16 13:57:17 INFO  no build target found for C:\Users\miney\shiritori-game\app\controllers\ShiritoriController.scala. Using presentation compiler with project's scala-library version: 3.3.4
2024.11.16 13:57:22 INFO  no build target found for C:\Users\miney\shiritori-game\app\controllers\ShiritoriController.scala. Using presentation compiler with project's scala-library version: 3.3.4
2024.11.16 13:57:22 INFO  no build target found for C:\Users\miney\shiritori-game\app\controllers\ShiritoriController.scala. Using presentation compiler with project's scala-library version: 3.3.4
2024.11.16 13:57:23 INFO  no build target found for C:\Users\miney\shiritori-game\app\controllers\ShiritoriController.scala. Using presentation compiler with project's scala-library version: 3.3.4
2024.11.16 13:57:23 INFO  no build target found for C:\Users\miney\shiritori-game\app\controllers\ShiritoriController.scala. Using presentation compiler with project's scala-library version: 3.3.4
2024.11.16 13:57:25 INFO  no build target found for C:\Users\miney\shiritori-game\app\controllers\ShiritoriController.scala. Using presentation compiler with project's scala-library version: 3.3.4
2024.11.16 13:57:28 INFO  no build target found for C:\Users\miney\shiritori-game\app\controllers\ShiritoriController.scala. Using presentation compiler with project's scala-library version: 3.3.4
2024.11.16 13:57:28 INFO  no build target found for C:\Users\miney\shiritori-game\app\controllers\ShiritoriController.scala. Using presentation compiler with project's scala-library version: 3.3.4
2024.11.16 13:57:29 INFO  no build target found for C:\Users\miney\shiritori-game\app\controllers\ShiritoriController.scala. Using presentation compiler with project's scala-library version: 3.3.4
2024.11.16 13:57:29 INFO  no build target found for C:\Users\miney\shiritori-game\app\controllers\ShiritoriController.scala. Using presentation compiler with project's scala-library version: 3.3.4
2024.11.16 13:57:29 INFO  no build target found for C:\Users\miney\shiritori-game\app\controllers\ShiritoriController.scala. Using presentation compiler with project's scala-library version: 3.3.4
2024.11.16 13:57:30 INFO  no build target found for C:\Users\miney\shiritori-game\app\controllers\ShiritoriController.scala. Using presentation compiler with project's scala-library version: 3.3.4
2024.11.16 13:57:30 INFO  no build target found for C:\Users\miney\shiritori-game\app\controllers\ShiritoriController.scala. Using presentation compiler with project's scala-library version: 3.3.4
2024.11.16 13:57:30 INFO  no build target found for C:\Users\miney\shiritori-game\app\controllers\ShiritoriController.scala. Using presentation compiler with project's scala-library version: 3.3.4
2024.11.16 13:57:31 INFO  no build target found for C:\Users\miney\shiritori-game\app\controllers\ShiritoriController.scala. Using presentation compiler with project's scala-library version: 3.3.4
2024.11.16 13:57:31 INFO  no build target found for C:\Users\miney\shiritori-game\app\controllers\ShiritoriController.scala. Using presentation compiler with project's scala-library version: 3.3.4
2024.11.16 13:57:32 INFO  no build target found for C:\Users\miney\shiritori-game\app\controllers\ShiritoriController.scala. Using presentation compiler with project's scala-library version: 3.3.4
2024.11.16 13:57:34 INFO  no build target found for C:\Users\miney\shiritori-game\app\controllers\ShiritoriController.scala. Using presentation compiler with project's scala-library version: 3.3.4
2024.11.16 13:57:38 INFO  no build target found for C:\Users\miney\shiritori-game\app\controllers\ShiritoriController.scala. Using presentation compiler with project's scala-library version: 3.3.4
2024.11.16 14:21:10 INFO  no build target found for C:\Users\miney\shiritori-game\app\controllers\ShiritoriController.scala. Using presentation compiler with project's scala-library version: 3.3.4
2024.11.16 14:21:34 INFO  no build target found for C:\Users\miney\shiritori-game\app\controllers\ShiritoriController.scala. Using presentation compiler with project's scala-library version: 3.3.4
2024.11.16 14:21:34 INFO  no build target found for C:\Users\miney\shiritori-game\app\controllers\ShiritoriController.scala. Using presentation compiler with project's scala-library version: 3.3.4
2024.11.16 14:25:22 INFO  no build target found for C:\Users\miney\shiritori-game\app\controllers\ShiritoriController.scala. Using presentation compiler with project's scala-library version: 3.3.4
2024.11.16 14:36:42 INFO  no build target found for C:\Users\miney\shiritori-game\app\controllers\ShiritoriController.scala. Using presentation compiler with project's scala-library version: 3.3.4
2024.11.16 14:36:55 INFO  no build target found for C:\Users\miney\shiritori-game\app\models\Game.scala. Using presentation compiler with project's scala-library version: 3.3.4
2024.11.16 14:36:55 INFO  no build target found for C:\Users\miney\shiritori-game\app\models\Game.scala. Using presentation compiler with project's scala-library version: 3.3.4
2024.11.16 14:36:55 INFO  no build target found for C:\Users\miney\shiritori-game\app\models\Game.scala. Using presentation compiler with project's scala-library version: 3.3.4
2024.11.16 14:36:55 INFO  no build target found for C:\Users\miney\shiritori-game\app\models\Game.scala. Using presentation compiler with project's scala-library version: 3.3.4
2024.11.16 14:36:57 INFO  no build target found for C:\Users\miney\shiritori-game\app\models\Game.scala. Using presentation compiler with project's scala-library version: 3.3.4
2024.11.16 14:38:44 INFO  no build target found for C:\Users\miney\shiritori-game\app\models\Game.scala. Using presentation compiler with project's scala-library version: 3.3.4
2024.11.16 14:38:45 INFO  no build target found for C:\Users\miney\shiritori-game\app\models\Game.scala. Using presentation compiler with project's scala-library version: 3.3.4
2024.11.16 14:39:16 INFO  no build target found for C:\Users\miney\shiritori-game\app\models\Game.scala. Using presentation compiler with project's scala-library version: 3.3.4
2024.11.16 14:53:34 INFO  no build target found for C:\Users\miney\shiritori-game\app\models\Game.scala. Using presentation compiler with project's scala-library version: 3.3.4
2024.11.16 14:53:35 INFO  no build target found for C:\Users\miney\shiritori-game\app\models\Game.scala. Using presentation compiler with project's scala-library version: 3.3.4
2024.11.16 14:53:46 INFO  no build target found for C:\Users\miney\shiritori-game\app\models\Game.scala. Using presentation compiler with project's scala-library version: 3.3.4
2024.11.16 14:53:46 INFO  no build target found for C:\Users\miney\shiritori-game\app\models\Game.scala. Using presentation compiler with project's scala-library version: 3.3.4
2024.11.16 14:53:46 INFO  no build target found for C:\Users\miney\shiritori-game\app\models\Game.scala. Using presentation compiler with project's scala-library version: 3.3.4
2024.11.16 14:53:47 INFO  no build target found for C:\Users\miney\shiritori-game\app\models\Game.scala. Using presentation compiler with project's scala-library version: 3.3.4
2024.11.16 14:53:49 INFO  no build target found for C:\Users\miney\shiritori-game\app\models\Game.scala. Using presentation compiler with project's scala-library version: 3.3.4
Exception in thread "pool-81-thread-1" java.lang.InterruptedException
	at scala.meta.internal.metals.FutureCancelToken.checkCanceled(FutureCancelToken.scala:29)
	at scala.meta.internal.pc.CompilerAccess.onCompilerJobQueue$$anonfun$1(CompilerAccess.scala:244)
	at scala.meta.internal.pc.CompilerJobQueue$Job.run(CompilerJobQueue.scala:153)
	at java.base/java.util.concurrent.ThreadPoolExecutor.runWorker(ThreadPoolExecutor.java:1144)
	at java.base/java.util.concurrent.ThreadPoolExecutor$Worker.run(ThreadPoolExecutor.java:642)
	at java.base/java.lang.Thread.run(Thread.java:1583)
2024.11.16 14:53:49 INFO  no build target found for C:\Users\miney\shiritori-game\app\models\Game.scala. Using presentation compiler with project's scala-library version: 3.3.4
2024.11.16 15:05:28 INFO  no build target found for C:\Users\miney\shiritori-game\app\models\Game.scala. Using presentation compiler with project's scala-library version: 3.3.4
2024.11.16 15:05:28 INFO  no build target found for C:\Users\miney\shiritori-game\app\models\Game.scala. Using presentation compiler with project's scala-library version: 3.3.4
2024.11.16 15:06:27 INFO  no build target found for C:\Users\miney\shiritori-game\app\controllers\ShiritoriController.scala. Using presentation compiler with project's scala-library version: 3.3.4
2024.11.16 15:06:27 INFO  no build target found for C:\Users\miney\shiritori-game\app\controllers\ShiritoriController.scala. Using presentation compiler with project's scala-library version: 3.3.4
2024.11.16 15:06:29 INFO  no build target found for C:\Users\miney\shiritori-game\app\controllers\ShiritoriController.scala. Using presentation compiler with project's scala-library version: 3.3.4
2024.11.16 15:06:30 INFO  no build target found for C:\Users\miney\shiritori-game\app\controllers\ShiritoriController.scala. Using presentation compiler with project's scala-library version: 3.3.4
2024.11.16 15:06:30 INFO  no build target found for C:\Users\miney\shiritori-game\app\controllers\ShiritoriController.scala. Using presentation compiler with project's scala-library version: 3.3.4
2024.11.16 15:06:34 INFO  no build target found for C:\Users\miney\shiritori-game\app\models\Game.scala. Using presentation compiler with project's scala-library version: 3.3.4
2024.11.16 15:06:34 INFO  no build target found for C:\Users\miney\shiritori-game\app\models\Game.scala. Using presentation compiler with project's scala-library version: 3.3.4
2024.11.16 15:06:34 INFO  no build target found for C:\Users\miney\shiritori-game\app\models\Game.scala. Using presentation compiler with project's scala-library version: 3.3.4
2024.11.16 15:06:34 INFO  no build target found for C:\Users\miney\shiritori-game\app\models\Game.scala. Using presentation compiler with project's scala-library version: 3.3.4
2024.11.16 15:06:34 INFO  no build target found for C:\Users\miney\shiritori-game\app\models\Game.scala. Using presentation compiler with project's scala-library version: 3.3.4
2024.11.16 15:08:03 INFO  no build target found for C:\Users\miney\shiritori-game\app\models\Game.scala. Using presentation compiler with project's scala-library version: 3.3.4
2024.11.16 15:08:05 INFO  no build target found for C:\Users\miney\shiritori-game\app\models\Game.scala. Using presentation compiler with project's scala-library version: 3.3.4
2024.11.16 15:14:41 INFO  no build target found for C:\Users\miney\shiritori-game\app\models\Game.scala. Using presentation compiler with project's scala-library version: 3.3.4
2024.11.16 15:14:44 INFO  no build target found for C:\Users\miney\shiritori-game\app\models\Game.scala. Using presentation compiler with project's scala-library version: 3.3.4
11月 16, 2024 3:22:34 午後 org.eclipse.lsp4j.jsonrpc.services.GenericEndpoint notify
情報: Unsupported notification method: $/setTrace
2024.11.16 15:44:09 INFO  no build target found for C:\Users\miney\shiritori-game\app\models\Game.scala. Using presentation compiler with project's scala-library version: 3.3.4
2024.11.16 15:44:09 INFO  no build target found for C:\Users\miney\shiritori-game\app\models\Game.scala. Using presentation compiler with project's scala-library version: 3.3.4
2024.11.16 15:44:23 INFO  Shutting down server
2024.11.16 15:44:23 INFO  shutting down Metals
2024.11.16 15:44:23 ERROR Unexpected error initializing server: 
org.eclipse.lsp4j.jsonrpc.ResponseErrorException: Request window/showMessageRequest failed with message: Canceled
	at org.eclipse.lsp4j.jsonrpc.RemoteEndpoint.handleResponse(RemoteEndpoint.java:220)
	at org.eclipse.lsp4j.jsonrpc.RemoteEndpoint.consume(RemoteEndpoint.java:204)
	at org.eclipse.lsp4j.jsonrpc.json.StreamMessageProducer.handleMessage(StreamMessageProducer.java:185)
	at org.eclipse.lsp4j.jsonrpc.json.StreamMessageProducer.listen(StreamMessageProducer.java:97)
	at org.eclipse.lsp4j.jsonrpc.json.ConcurrentMessageProcessor.run(ConcurrentMessageProcessor.java:114)
	at java.util.concurrent.Executors$RunnableAdapter.call(Executors.java:572)
	at java.util.concurrent.FutureTask.run(FutureTask.java:317)
	at java.util.concurrent.ThreadPoolExecutor.runWorker(ThreadPoolExecutor.java:1144)
	at java.util.concurrent.ThreadPoolExecutor$Worker.run(ThreadPoolExecutor.java:642)
	at java.lang.Thread.run(Thread.java:1583)

2024.11.16 15:44:23 INFO  Exiting server
2024.11.17 20:53:27 INFO  Started: Metals version 1.4.1 in folders 'C:\Users\miney\shiritori-game' for client Visual Studio Code 1.95.3.
2024.11.17 20:53:29 WARN  Flyway upgrade recommended: H2 2.3.232 is newer than this version of Flyway and support has not been tested. The latest supported version of H2 is 2.2.224.
2024.11.17 20:53:29 INFO  no build target found for C:\Users\miney\shiritori-game\build.sbt. Using presentation compiler with project's scala-library version: 3.3.4
2024.11.17 20:53:34 INFO  no build target found for C:\Users\miney\shiritori-game\build.sbt. Using presentation compiler with project's scala-library version: 3.3.4
2024.11.17 20:53:36 INFO  Shutting down server
2024.11.17 20:53:36 INFO  shutting down Metals
2024.11.17 20:53:36 INFO  Exiting server
2024.11.17 20:53:36 ERROR Unexpected error initializing server: 
org.eclipse.lsp4j.jsonrpc.ResponseErrorException: Request window/showMessageRequest failed with message: Canceled
	at org.eclipse.lsp4j.jsonrpc.RemoteEndpoint.handleResponse(RemoteEndpoint.java:220)
	at org.eclipse.lsp4j.jsonrpc.RemoteEndpoint.consume(RemoteEndpoint.java:204)
	at org.eclipse.lsp4j.jsonrpc.json.StreamMessageProducer.handleMessage(StreamMessageProducer.java:185)
	at org.eclipse.lsp4j.jsonrpc.json.StreamMessageProducer.listen(StreamMessageProducer.java:97)
	at org.eclipse.lsp4j.jsonrpc.json.ConcurrentMessageProcessor.run(ConcurrentMessageProcessor.java:114)
	at java.util.concurrent.Executors$RunnableAdapter.call(Executors.java:572)
	at java.util.concurrent.FutureTask.run(FutureTask.java:317)
	at java.util.concurrent.ThreadPoolExecutor.runWorker(ThreadPoolExecutor.java:1144)
	at java.util.concurrent.ThreadPoolExecutor$Worker.run(ThreadPoolExecutor.java:642)
	at java.lang.Thread.run(Thread.java:1583)

2024.11.17 21:03:20 INFO  Started: Metals version 1.4.1 in folders 'C:\Users\miney\shiritori-game' for client Visual Studio Code 1.95.3.
2024.11.17 21:03:21 WARN  Flyway upgrade recommended: H2 2.3.232 is newer than this version of Flyway and support has not been tested. The latest supported version of H2 is 2.2.224.
2024.11.17 21:03:21 INFO  no build target found for C:\Users\miney\shiritori-game\build.sbt. Using presentation compiler with project's scala-library version: 3.3.4
2024.11.17 21:03:24 INFO  no build target found for C:\Users\miney\shiritori-game\build.sbt. Using presentation compiler with project's scala-library version: 3.3.4
2024.11.17 21:03:27 INFO  Shutting down server
2024.11.17 21:03:27 INFO  shutting down Metals
2024.11.17 21:03:27 INFO  Exiting server
2024.11.17 21:08:31 INFO  Started: Metals version 1.4.1 in folders 'C:\Users\miney\shiritori-game' for client Visual Studio Code 1.95.3.
2024.11.17 21:08:32 WARN  Flyway upgrade recommended: H2 2.3.232 is newer than this version of Flyway and support has not been tested. The latest supported version of H2 is 2.2.224.
2024.11.17 21:08:33 INFO  no build target found for C:\Users\miney\shiritori-game\build.sbt. Using presentation compiler with project's scala-library version: 3.3.4
2024.11.17 21:09:10 INFO  no build target found for C:\Users\miney\shiritori-game\app\controllers\ShiritoriController.scala. Using presentation compiler with project's scala-library version: 3.3.4
2024.11.17 21:09:11 INFO  no build target found for C:\Users\miney\shiritori-game\app\controllers\ShiritoriController.scala. Using presentation compiler with project's scala-library version: 3.3.4
2024.11.17 21:09:11 INFO  no build target found for C:\Users\miney\shiritori-game\app\controllers\ShiritoriController.scala. Using presentation compiler with project's scala-library version: 3.3.4
2024.11.17 21:09:13 INFO  no build target found for C:\Users\miney\shiritori-game\app\controllers\ShiritoriController.scala. Using presentation compiler with project's scala-library version: 3.3.4
2024.11.17 21:09:13 INFO  no build target found for C:\Users\miney\shiritori-game\app\models\Game.scala. Using presentation compiler with project's scala-library version: 3.3.4
2024.11.17 21:09:14 INFO  no build target found for C:\Users\miney\shiritori-game\app\models\Game.scala. Using presentation compiler with project's scala-library version: 3.3.4
2024.11.17 21:09:16 INFO  no build target found for C:\Users\miney\shiritori-game\app\models\Game.scala. Using presentation compiler with project's scala-library version: 3.3.4
2024.11.17 21:09:16 INFO  no build target found for C:\Users\miney\shiritori-game\app\controllers\ShiritoriController.scala. Using presentation compiler with project's scala-library version: 3.3.4
2024.11.17 21:09:16 INFO  no build target found for C:\Users\miney\shiritori-game\app\controllers\ShiritoriController.scala. Using presentation compiler with project's scala-library version: 3.3.4
2024.11.17 21:09:16 INFO  no build target found for C:\Users\miney\shiritori-game\app\controllers\ShiritoriController.scala. Using presentation compiler with project's scala-library version: 3.3.4
2024.11.17 21:09:17 INFO  no build target found for C:\Users\miney\shiritori-game\app\controllers\ShiritoriController.scala. Using presentation compiler with project's scala-library version: 3.3.4
2024.11.17 21:09:33 INFO  no build target found for C:\Users\miney\shiritori-game\app\controllers\ShiritoriController.scala. Using presentation compiler with project's scala-library version: 3.3.4
2024.11.17 21:09:35 INFO  no build target found for C:\Users\miney\shiritori-game\app\controllers\ShiritoriController.scala. Using presentation compiler with project's scala-library version: 3.3.4
2024.11.17 21:10:26 INFO  no build target found for C:\Users\miney\shiritori-game\app\models\Game.scala. Using presentation compiler with project's scala-library version: 3.3.4
2024.11.17 21:10:26 INFO  no build target found for C:\Users\miney\shiritori-game\app\models\Game.scala. Using presentation compiler with project's scala-library version: 3.3.4
2024.11.17 21:10:32 INFO  no build target found for C:\Users\miney\shiritori-game\app\models\Game.scala. Using presentation compiler with project's scala-library version: 3.3.4
2024.11.17 21:10:32 INFO  no build target found for C:\Users\miney\shiritori-game\app\controllers\ShiritoriController.scala. Using presentation compiler with project's scala-library version: 3.3.4
2024.11.17 21:10:32 INFO  no build target found for C:\Users\miney\shiritori-game\app\controllers\ShiritoriController.scala. Using presentation compiler with project's scala-library version: 3.3.4
2024.11.17 21:10:32 INFO  no build target found for C:\Users\miney\shiritori-game\app\controllers\ShiritoriController.scala. Using presentation compiler with project's scala-library version: 3.3.4
11月 17, 2024 9:10:35 午後 org.eclipse.lsp4j.jsonrpc.RemoteEndpoint handleCancellation
警告: Unmatched cancel notification for request id 68
2024.11.17 21:10:36 INFO  no build target found for C:\Users\miney\shiritori-game\app\controllers\ShiritoriController.scala. Using presentation compiler with project's scala-library version: 3.3.4
2024.11.17 21:10:46 INFO  no build target found for C:\Users\miney\shiritori-game\app\controllers\ShiritoriController.scala. Using presentation compiler with project's scala-library version: 3.3.4
2024.11.17 21:10:54 INFO  no build target found for C:\Users\miney\shiritori-game\app\controllers\ShiritoriController.scala. Using presentation compiler with project's scala-library version: 3.3.4
2024.11.17 21:10:55 INFO  no build target found for C:\Users\miney\shiritori-game\app\controllers\ShiritoriController.scala. Using presentation compiler with project's scala-library version: 3.3.4
2024.11.17 21:10:55 INFO  no build target found for C:\Users\miney\shiritori-game\app\controllers\ShiritoriController.scala. Using presentation compiler with project's scala-library version: 3.3.4
2024.11.17 21:10:57 INFO  no build target found for C:\Users\miney\shiritori-game\app\controllers\ShiritoriController.scala. Using presentation compiler with project's scala-library version: 3.3.4
2024.11.17 21:10:57 INFO  no build target found for C:\Users\miney\shiritori-game\app\controllers\ShiritoriController.scala. Using presentation compiler with project's scala-library version: 3.3.4
2024.11.17 21:11:19 INFO  no build target found for C:\Users\miney\shiritori-game\app\controllers\ShiritoriController.scala. Using presentation compiler with project's scala-library version: 3.3.4
2024.11.17 21:11:20 INFO  no build target found for C:\Users\miney\shiritori-game\app\controllers\ShiritoriController.scala. Using presentation compiler with project's scala-library version: 3.3.4
2024.11.17 21:11:20 INFO  no build target found for C:\Users\miney\shiritori-game\app\controllers\ShiritoriController.scala. Using presentation compiler with project's scala-library version: 3.3.4
2024.11.17 21:11:20 INFO  no build target found for C:\Users\miney\shiritori-game\app\controllers\ShiritoriController.scala. Using presentation compiler with project's scala-library version: 3.3.4
2024.11.17 21:11:20 INFO  no build target found for C:\Users\miney\shiritori-game\app\controllers\ShiritoriController.scala. Using presentation compiler with project's scala-library version: 3.3.4
2024.11.17 21:11:23 INFO  no build target found for C:\Users\miney\shiritori-game\app\controllers\ShiritoriController.scala. Using presentation compiler with project's scala-library version: 3.3.4
2024.11.17 21:11:35 INFO  no build target found for C:\Users\miney\shiritori-game\app\controllers\ShiritoriController.scala. Using presentation compiler with project's scala-library version: 3.3.4
2024.11.17 21:11:37 INFO  no build target found for C:\Users\miney\shiritori-game\app\controllers\ShiritoriController.scala. Using presentation compiler with project's scala-library version: 3.3.4
2024.11.17 21:11:38 INFO  no build target found for C:\Users\miney\shiritori-game\app\controllers\ShiritoriController.scala. Using presentation compiler with project's scala-library version: 3.3.4
2024.11.17 21:11:41 INFO  no build target found for C:\Users\miney\shiritori-game\app\controllers\ShiritoriController.scala. Using presentation compiler with project's scala-library version: 3.3.4
2024.11.17 21:11:41 INFO  no build target found for C:\Users\miney\shiritori-game\app\controllers\ShiritoriController.scala. Using presentation compiler with project's scala-library version: 3.3.4
2024.11.17 21:11:46 INFO  no build target found for C:\Users\miney\shiritori-game\app\controllers\ShiritoriController.scala. Using presentation compiler with project's scala-library version: 3.3.4
2024.11.17 21:11:46 INFO  no build target found for C:\Users\miney\shiritori-game\app\controllers\ShiritoriController.scala. Using presentation compiler with project's scala-library version: 3.3.4
2024.11.17 21:11:46 INFO  no build target found for C:\Users\miney\shiritori-game\app\controllers\ShiritoriController.scala. Using presentation compiler with project's scala-library version: 3.3.4
Exception in thread "pool-27-thread-1" java.lang.InterruptedException
	at scala.meta.internal.metals.FutureCancelToken.checkCanceled(FutureCancelToken.scala:29)
	at scala.meta.internal.pc.CompilerAccess.onCompilerJobQueue$$anonfun$1(CompilerAccess.scala:244)
	at scala.meta.internal.pc.CompilerJobQueue$Job.run(CompilerJobQueue.scala:153)
	at java.base/java.util.concurrent.ThreadPoolExecutor.runWorker(ThreadPoolExecutor.java:1144)
	at java.base/java.util.concurrent.ThreadPoolExecutor$Worker.run(ThreadPoolExecutor.java:642)
	at java.base/java.lang.Thread.run(Thread.java:1583)
2024.11.17 21:11:48 INFO  no build target found for C:\Users\miney\shiritori-game\app\controllers\ShiritoriController.scala. Using presentation compiler with project's scala-library version: 3.3.4
2024.11.17 21:11:48 INFO  no build target found for C:\Users\miney\shiritori-game\app\controllers\ShiritoriController.scala. Using presentation compiler with project's scala-library version: 3.3.4
2024.11.17 21:11:50 INFO  no build target found for C:\Users\miney\shiritori-game\app\controllers\ShiritoriController.scala. Using presentation compiler with project's scala-library version: 3.3.4
2024.11.17 21:11:58 INFO  no build target found for C:\Users\miney\shiritori-game\app\controllers\ShiritoriController.scala. Using presentation compiler with project's scala-library version: 3.3.4
2024.11.17 21:12:04 INFO  no build target found for C:\Users\miney\shiritori-game\app\controllers\ShiritoriController.scala. Using presentation compiler with project's scala-library version: 3.3.4
2024.11.17 21:12:05 INFO  no build target found for C:\Users\miney\shiritori-game\app\controllers\ShiritoriController.scala. Using presentation compiler with project's scala-library version: 3.3.4
2024.11.17 21:12:06 INFO  no build target found for C:\Users\miney\shiritori-game\app\controllers\ShiritoriController.scala. Using presentation compiler with project's scala-library version: 3.3.4
2024.11.17 21:12:06 INFO  no build target found for C:\Users\miney\shiritori-game\app\controllers\ShiritoriController.scala. Using presentation compiler with project's scala-library version: 3.3.4
2024.11.17 21:12:09 INFO  no build target found for C:\Users\miney\shiritori-game\app\controllers\ShiritoriController.scala. Using presentation compiler with project's scala-library version: 3.3.4
2024.11.17 21:12:09 INFO  no build target found for C:\Users\miney\shiritori-game\app\controllers\ShiritoriController.scala. Using presentation compiler with project's scala-library version: 3.3.4
2024.11.17 21:12:11 INFO  no build target found for C:\Users\miney\shiritori-game\app\controllers\ShiritoriController.scala. Using presentation compiler with project's scala-library version: 3.3.4
2024.11.17 21:12:11 INFO  no build target found for C:\Users\miney\shiritori-game\app\controllers\ShiritoriController.scala. Using presentation compiler with project's scala-library version: 3.3.4
2024.11.17 21:12:13 INFO  no build target found for C:\Users\miney\shiritori-game\app\controllers\ShiritoriController.scala. Using presentation compiler with project's scala-library version: 3.3.4
2024.11.17 21:12:16 INFO  no build target found for C:\Users\miney\shiritori-game\app\controllers\ShiritoriController.scala. Using presentation compiler with project's scala-library version: 3.3.4
2024.11.17 21:12:44 INFO  no build target found for C:\Users\miney\shiritori-game\app\controllers\ShiritoriController.scala. Using presentation compiler with project's scala-library version: 3.3.4
2024.11.17 21:12:44 INFO  no build target found for C:\Users\miney\shiritori-game\app\models\Game.scala. Using presentation compiler with project's scala-library version: 3.3.4
2024.11.17 21:12:44 INFO  no build target found for C:\Users\miney\shiritori-game\app\models\Game.scala. Using presentation compiler with project's scala-library version: 3.3.4
2024.11.17 21:12:45 INFO  no build target found for C:\Users\miney\shiritori-game\app\models\Game.scala. Using presentation compiler with project's scala-library version: 3.3.4
2024.11.17 21:12:45 INFO  no build target found for C:\Users\miney\shiritori-game\app\models\Game.scala. Using presentation compiler with project's scala-library version: 3.3.4
2024.11.17 21:14:00 INFO  no build target found for C:\Users\miney\shiritori-game\app\models\Game.scala. Using presentation compiler with project's scala-library version: 3.3.4
2024.11.17 21:14:00 INFO  no build target found for C:\Users\miney\shiritori-game\app\controllers\ShiritoriController.scala. Using presentation compiler with project's scala-library version: 3.3.4
2024.11.17 21:14:00 INFO  no build target found for C:\Users\miney\shiritori-game\app\controllers\ShiritoriController.scala. Using presentation compiler with project's scala-library version: 3.3.4
2024.11.17 21:14:00 INFO  no build target found for C:\Users\miney\shiritori-game\app\controllers\ShiritoriController.scala. Using presentation compiler with project's scala-library version: 3.3.4
2024.11.17 21:14:09 INFO  no build target found for C:\Users\miney\shiritori-game\app\controllers\ShiritoriController.scala. Using presentation compiler with project's scala-library version: 3.3.4
2024.11.17 21:14:22 INFO  no build target found for C:\Users\miney\shiritori-game\app\controllers\ShiritoriController.scala. Using presentation compiler with project's scala-library version: 3.3.4
2024.11.17 21:14:48 INFO  no build target found for C:\Users\miney\shiritori-game\app\models\Game.scala. Using presentation compiler with project's scala-library version: 3.3.4
2024.11.17 21:14:49 INFO  no build target found for C:\Users\miney\shiritori-game\app\models\Game.scala. Using presentation compiler with project's scala-library version: 3.3.4
2024.11.17 21:14:51 INFO  no build target found for C:\Users\miney\shiritori-game\app\models\Game.scala. Using presentation compiler with project's scala-library version: 3.3.4
2024.11.17 21:14:51 INFO  no build target found for C:\Users\miney\shiritori-game\app\controllers\ShiritoriController.scala. Using presentation compiler with project's scala-library version: 3.3.4
2024.11.17 21:14:51 INFO  no build target found for C:\Users\miney\shiritori-game\app\controllers\ShiritoriController.scala. Using presentation compiler with project's scala-library version: 3.3.4
2024.11.17 21:14:51 INFO  no build target found for C:\Users\miney\shiritori-game\app\controllers\ShiritoriController.scala. Using presentation compiler with project's scala-library version: 3.3.4
2024.11.17 21:14:59 INFO  no build target found for C:\Users\miney\shiritori-game\app\controllers\ShiritoriController.scala. Using presentation compiler with project's scala-library version: 3.3.4
2024.11.17 21:14:59 INFO  no build target found for C:\Users\miney\shiritori-game\app\controllers\ShiritoriController.scala. Using presentation compiler with project's scala-library version: 3.3.4
2024.11.17 21:15:04 INFO  no build target found for C:\Users\miney\shiritori-game\app\controllers\ShiritoriController.scala. Using presentation compiler with project's scala-library version: 3.3.4
2024.11.17 21:15:06 INFO  no build target found for C:\Users\miney\shiritori-game\app\controllers\ShiritoriController.scala. Using presentation compiler with project's scala-library version: 3.3.4
2024.11.17 21:15:09 INFO  no build target found for C:\Users\miney\shiritori-game\app\controllers\ShiritoriController.scala. Using presentation compiler with project's scala-library version: 3.3.4
2024.11.17 21:15:11 INFO  no build target found for C:\Users\miney\shiritori-game\app\controllers\ShiritoriController.scala. Using presentation compiler with project's scala-library version: 3.3.4
2024.11.17 21:15:46 INFO  no build target found for C:\Users\miney\shiritori-game\app\controllers\ShiritoriController.scala. Using presentation compiler with project's scala-library version: 3.3.4
2024.11.17 21:15:48 INFO  no build target found for C:\Users\miney\shiritori-game\app\controllers\ShiritoriController.scala. Using presentation compiler with project's scala-library version: 3.3.4
2024.11.17 21:15:48 INFO  no build target found for C:\Users\miney\shiritori-game\app\controllers\ShiritoriController.scala. Using presentation compiler with project's scala-library version: 3.3.4
2024.11.17 21:15:48 INFO  no build target found for C:\Users\miney\shiritori-game\app\controllers\ShiritoriController.scala. Using presentation compiler with project's scala-library version: 3.3.4
2024.11.17 21:15:50 INFO  no build target found for C:\Users\miney\shiritori-game\app\controllers\ShiritoriController.scala. Using presentation compiler with project's scala-library version: 3.3.4
2024.11.17 21:15:50 INFO  no build target found for C:\Users\miney\shiritori-game\app\controllers\ShiritoriController.scala. Using presentation compiler with project's scala-library version: 3.3.4
2024.11.17 21:15:50 INFO  no build target found for C:\Users\miney\shiritori-game\app\controllers\ShiritoriController.scala. Using presentation compiler with project's scala-library version: 3.3.4
2024.11.17 21:15:51 INFO  no build target found for C:\Users\miney\shiritori-game\app\controllers\ShiritoriController.scala. Using presentation compiler with project's scala-library version: 3.3.4
2024.11.17 21:15:51 INFO  no build target found for C:\Users\miney\shiritori-game\app\controllers\ShiritoriController.scala. Using presentation compiler with project's scala-library version: 3.3.4
2024.11.17 21:15:53 INFO  no build target found for C:\Users\miney\shiritori-game\app\controllers\ShiritoriController.scala. Using presentation compiler with project's scala-library version: 3.3.4
2024.11.17 21:15:57 INFO  no build target found for C:\Users\miney\shiritori-game\app\controllers\ShiritoriController.scala. Using presentation compiler with project's scala-library version: 3.3.4
2024.11.17 21:15:59 INFO  no build target found for C:\Users\miney\shiritori-game\app\controllers\ShiritoriController.scala. Using presentation compiler with project's scala-library version: 3.3.4
2024.11.17 21:15:59 INFO  no build target found for C:\Users\miney\shiritori-game\app\controllers\ShiritoriController.scala. Using presentation compiler with project's scala-library version: 3.3.4
2024.11.17 21:15:59 INFO  no build target found for C:\Users\miney\shiritori-game\app\controllers\ShiritoriController.scala. Using presentation compiler with project's scala-library version: 3.3.4
2024.11.17 21:15:59 INFO  no build target found for C:\Users\miney\shiritori-game\app\controllers\ShiritoriController.scala. Using presentation compiler with project's scala-library version: 3.3.4
2024.11.17 21:16:01 INFO  no build target found for C:\Users\miney\shiritori-game\app\controllers\ShiritoriController.scala. Using presentation compiler with project's scala-library version: 3.3.4
2024.11.17 21:16:01 INFO  no build target found for C:\Users\miney\shiritori-game\app\controllers\ShiritoriController.scala. Using presentation compiler with project's scala-library version: 3.3.4
2024.11.17 21:16:20 INFO  no build target found for C:\Users\miney\shiritori-game\app\controllers\ShiritoriController.scala. Using presentation compiler with project's scala-library version: 3.3.4
2024.11.17 21:16:30 INFO  no build target found for C:\Users\miney\shiritori-game\build.sbt. Using presentation compiler with project's scala-library version: 3.3.4
2024.11.17 21:16:32 INFO  no build target found for C:\Users\miney\shiritori-game\build.sbt. Using presentation compiler with project's scala-library version: 3.3.4
2024.11.17 21:16:33 INFO  no build target found for C:\Users\miney\shiritori-game\build.sbt. Using presentation compiler with project's scala-library version: 3.3.4
2024.11.17 21:16:36 INFO  no build target found for C:\Users\miney\shiritori-game\build.sbt. Using presentation compiler with project's scala-library version: 3.3.4
2024.11.17 21:16:36 INFO  no build target found for C:\Users\miney\shiritori-game\build.sbt. Using presentation compiler with project's scala-library version: 3.3.4
Exception in thread "pool-57-thread-1" java.lang.InterruptedException
	at scala.meta.internal.metals.FutureCancelToken.checkCanceled(FutureCancelToken.scala:29)
	at scala.meta.internal.pc.CompilerAccess.onCompilerJobQueue$$anonfun$1(CompilerAccess.scala:244)
	at scala.meta.internal.pc.CompilerJobQueue$Job.run(CompilerJobQueue.scala:153)
	at java.base/java.util.concurrent.ThreadPoolExecutor.runWorker(ThreadPoolExecutor.java:1144)
	at java.base/java.util.concurrent.ThreadPoolExecutor$Worker.run(ThreadPoolExecutor.java:642)
	at java.base/java.lang.Thread.run(Thread.java:1583)
2024.11.17 21:16:37 INFO  no build target found for C:\Users\miney\shiritori-game\build.sbt. Using presentation compiler with project's scala-library version: 3.3.4
2024.11.17 21:17:37 INFO  no build target found for C:\Users\miney\shiritori-game\build.sbt. Using presentation compiler with project's scala-library version: 3.3.4
2024.11.17 21:17:39 INFO  no build target found for C:\Users\miney\shiritori-game\build.sbt. Using presentation compiler with project's scala-library version: 3.3.4
2024.11.17 21:17:39 INFO  no build target found for C:\Users\miney\shiritori-game\build.sbt. Using presentation compiler with project's scala-library version: 3.3.4
2024.11.17 21:17:41 INFO  no build target found for C:\Users\miney\shiritori-game\build.sbt. Using presentation compiler with project's scala-library version: 3.3.4
2024.11.17 21:17:41 INFO  no build target found for C:\Users\miney\shiritori-game\build.sbt. Using presentation compiler with project's scala-library version: 3.3.4
2024.11.17 21:17:43 INFO  no build target found for C:\Users\miney\shiritori-game\build.sbt. Using presentation compiler with project's scala-library version: 3.3.4
2024.11.17 21:17:43 INFO  no build target found for C:\Users\miney\shiritori-game\build.sbt. Using presentation compiler with project's scala-library version: 3.3.4
2024.11.17 21:17:44 INFO  no build target found for C:\Users\miney\shiritori-game\build.sbt. Using presentation compiler with project's scala-library version: 3.3.4
2024.11.17 21:17:46 INFO  no build target found for C:\Users\miney\shiritori-game\build.sbt. Using presentation compiler with project's scala-library version: 3.3.4
2024.11.17 21:17:46 INFO  no build target found for C:\Users\miney\shiritori-game\build.sbt. Using presentation compiler with project's scala-library version: 3.3.4
2024.11.17 21:17:46 INFO  no build target found for C:\Users\miney\shiritori-game\build.sbt. Using presentation compiler with project's scala-library version: 3.3.4
2024.11.17 21:18:12 INFO  no build target found for C:\Users\miney\shiritori-game\build.sbt. Using presentation compiler with project's scala-library version: 3.3.4
2024.11.17 21:28:59 INFO  no build target found for C:\Users\miney\shiritori-game\build.sbt. Using presentation compiler with project's scala-library version: 3.3.4
2024.11.17 21:28:59 INFO  no build target found for C:\Users\miney\shiritori-game\build.sbt. Using presentation compiler with project's scala-library version: 3.3.4
2024.11.17 21:28:59 INFO  no build target found for C:\Users\miney\shiritori-game\build.sbt. Using presentation compiler with project's scala-library version: 3.3.4
2024.11.17 21:29:56 INFO  no build target found for C:\Users\miney\shiritori-game\build.sbt. Using presentation compiler with project's scala-library version: 3.3.4
2024.11.17 21:29:56 INFO  no build target found for C:\Users\miney\shiritori-game\build.sbt. Using presentation compiler with project's scala-library version: 3.3.4
Exception in thread "pool-70-thread-1" java.lang.InterruptedException
	at scala.meta.internal.metals.FutureCancelToken.checkCanceled(FutureCancelToken.scala:29)
	at scala.meta.internal.pc.CompilerAccess.onCompilerJobQueue$$anonfun$1(CompilerAccess.scala:244)
	at scala.meta.internal.pc.CompilerJobQueue$Job.run(CompilerJobQueue.scala:153)
	at java.base/java.util.concurrent.ThreadPoolExecutor.runWorker(ThreadPoolExecutor.java:1144)
	at java.base/java.util.concurrent.ThreadPoolExecutor$Worker.run(ThreadPoolExecutor.java:642)
	at java.base/java.lang.Thread.run(Thread.java:1583)
2024.11.17 21:29:57 INFO  no build target found for C:\Users\miney\shiritori-game\build.sbt. Using presentation compiler with project's scala-library version: 3.3.4
2024.11.17 21:29:57 INFO  no build target found for C:\Users\miney\shiritori-game\build.sbt. Using presentation compiler with project's scala-library version: 3.3.4
2024.11.17 21:29:59 INFO  no build target found for C:\Users\miney\shiritori-game\build.sbt. Using presentation compiler with project's scala-library version: 3.3.4
2024.11.18 17:21:09 INFO  Started: Metals version 1.4.1 in folders 'C:\Users\miney\shiritori-game' for client Visual Studio Code 1.95.3.
2024.11.18 17:21:15 WARN  Flyway upgrade recommended: H2 2.3.232 is newer than this version of Flyway and support has not been tested. The latest supported version of H2 is 2.2.224.
2024.11.18 17:21:15 INFO  no build target found for C:\Users\miney\shiritori-game\build.sbt. Using presentation compiler with project's scala-library version: 3.3.4
2024.11.18 17:21:19 INFO  no build target found for C:\Users\miney\shiritori-game\build.sbt. Using presentation compiler with project's scala-library version: 3.3.4
2024.11.18 17:21:27 INFO  running 'C:\Program Files\Java\jdk-21\bin\java.exe -Djline.terminal=jline.UnsupportedTerminal -Dsbt.log.noformat=true -Dfile.encoding=UTF-8 -jar C:\Users\miney\AppData\Local\Temp\metals170266645977673437\sbt-launch.jar -Dbloop.export-jar-classifiers=sources bloopInstall'
2024.11.18 17:21:33 INFO  [info] welcome to sbt 1.10.3 (Oracle Corporation Java 21.0.5)
2024.11.18 17:21:38 INFO  [info] loading settings for project shiritori-game-build-build-build from metals.sbt ...
2024.11.18 17:21:40 INFO  [info] loading project definition from C:\Users\miney\shiritori-game\project\project\project
2024.11.18 17:21:47 INFO  [info] loading settings for project shiritori-game-build-build from metals.sbt ...
2024.11.18 17:21:47 INFO  [info] loading project definition from C:\Users\miney\shiritori-game\project\project
2024.11.18 17:21:55 INFO  [success] Generated .bloop\shiritori-game-build-build.json
2024.11.18 17:21:55 INFO  [success] Total time: 8 s, completed 2024/11/18 17:21:55
2024.11.18 17:21:57 INFO  [info] loading settings for project shiritori-game-build from metals.sbt,plugins.sbt ...
2024.11.18 17:21:57 INFO  [info] loading project definition from C:\Users\miney\shiritori-game\project
2024.11.18 17:22:04 INFO  [success] Generated .bloop\shiritori-game-build.json
2024.11.18 17:22:04 INFO  [success] Total time: 8 s, completed 2024/11/18 17:22:05
2024.11.18 17:22:11 INFO  [info] loading settings for project root from build.sbt ...
2024.11.18 17:22:11 INFO  [info]   __              __
2024.11.18 17:22:11 INFO  [info]   \ \     ____   / /____ _ __  __
2024.11.18 17:22:11 INFO  [info]    \ \   / __ \ / // __ `// / / /
2024.11.18 17:22:11 INFO  [info]    / /  / /_/ // // /_/ // /_/ /
2024.11.18 17:22:11 INFO  [info]   /_/  / .___//_/ \__,_/ \__, /
2024.11.18 17:22:11 INFO  [info]       /_/               /____/
2024.11.18 17:22:11 INFO  [info] 
2024.11.18 17:22:11 INFO  [info] Version 3.0.5 running Java 21.0.5
2024.11.18 17:22:11 INFO  [info] 
2024.11.18 17:22:11 INFO  [info] Play is run entirely by the community. Please consider contributing and/or donating:
2024.11.18 17:22:11 INFO  [info] https://www.playframework.com/sponsors
2024.11.18 17:22:11 INFO  [info] 
2024.11.18 17:22:20 INFO  [success] Generated .bloop\root.json
2024.11.18 17:22:20 INFO  [success] Generated .bloop\root-test.json
2024.11.18 17:22:20 INFO  [success] Total time: 9 s, completed 2024/11/18 17:22:20
2024.11.18 17:22:21 INFO  time: ran 'sbt bloopInstall' in 53s
2024.11.18 17:22:21 INFO  Attempting to connect to the build server...
2024.11.18 17:22:21 INFO  No running Bloop server found, starting one.
2024.11.18 17:22:23 INFO  Starting compilation server
2024.11.18 17:22:28 INFO  tracing is disabled for protocol BSP, to enable tracing of incoming and outgoing JSON messages create an empty file at C:\Users\miney\shiritori-game\.metals\bsp.trace.json or C:\Users\miney\AppData\Local\scalameta\metals\cache\bsp.trace.json
2024.11.18 17:22:34 INFO  Attempting to connect to the build server...
2024.11.18 17:22:34 INFO  Found a Bloop server running
2024.11.18 17:22:34 INFO  Attempting to connect to the build server...
2024.11.18 17:22:34 INFO  Found a Bloop server running
2024.11.18 17:22:35 INFO  tracing is disabled for protocol BSP, to enable tracing of incoming and outgoing JSON messages create an empty file at C:\Users\miney\shiritori-game\project\project\.metals\bsp.trace.json or C:\Users\miney\AppData\Local\scalameta\metals\cache\bsp.trace.json
2024.11.18 17:22:35 INFO  tracing is disabled for protocol BSP, to enable tracing of incoming and outgoing JSON messages create an empty file at C:\Users\miney\shiritori-game\project\.metals\bsp.trace.json or C:\Users\miney\AppData\Local\scalameta\metals\cache\bsp.trace.json
2024.11.18 17:22:35 INFO  time: Connected to build server in 14s
2024.11.18 17:22:35 INFO  Connected to Build server: Bloop v2.0.5
2024.11.18 17:22:35 INFO  time: Imported build in 0.57s
2024.11.18 17:22:35 INFO  running doctor check
2024.11.18 17:22:35 INFO  java targets: shiritori-game-build-build, shiritori-game-build, root-test, root
2024.11.18 17:22:50 WARN  Flyway upgrade recommended: H2 2.3.232 is newer than this version of Flyway and support has not been tested. The latest supported version of H2 is 2.2.224.
2024.11.18 17:23:34 INFO  time: indexed workspace in 58s
2024.11.18 17:23:48 INFO  time: code lens generation in 4.3s
2024.11.18 17:23:48 INFO  time: code lens generation in 4.3s
2024.11.18 17:23:48 INFO  time: code lens generation in 3.96s
2024.11.18 17:23:48 INFO  time: code lens generation in 4.3s
2024.11.18 17:23:48 INFO  time: code lens generation in 4.3s
11月 18, 2024 5:27:51 午後 org.eclipse.lsp4j.jsonrpc.RemoteEndpoint handleCancellation
警告: Unmatched cancel notification for request id 22
2024.11.18 17:27:51 INFO  compiling root (8 scala sources and 1 java source)
2024.11.18 17:28:10 INFO  time: compiled root in 19s
2024.11.18 17:37:10 INFO  Shutting down server
2024.11.18 17:37:10 INFO  shutting down Metals
2024.11.18 17:37:10 INFO  Shut down connection with build server.
2024.11.18 17:37:10 INFO  Shut down connection with build server.
2024.11.18 17:37:10 INFO  Shut down connection with build server.
2024.11.18 17:37:10 ERROR Bloop 'bsp' command exited with code 1. Something may be wrong with the current configuration.
Running the [1mclean[0m sub-command to clear the working directory and remove caches might help.
If the error persists, please report the issue as a bug and attach a log with increased verbosity by passing [1m-v -v -v[0m.
2024.11.18 17:37:10 ERROR Bloop 'bsp' command exited with code 1. Something may be wrong with the current configuration.
Running the [1mclean[0m sub-command to clear the working directory and remove caches might help.
If the error persists, please report the issue as a bug and attach a log with increased verbosity by passing [1m-v -v -v[0m.
2024.11.18 17:37:12 INFO  Exiting server
2024.11.18 20:10:07 INFO  Started: Metals version 1.4.1 in folders 'C:\Users\miney\shiritori-game' for client Visual Studio Code 1.95.3.
2024.11.18 20:10:10 WARN  Flyway upgrade recommended: H2 2.3.232 is newer than this version of Flyway and support has not been tested. The latest supported version of H2 is 2.2.224.
2024.11.18 20:10:10 INFO  no build target found for C:\Users\miney\shiritori-game\app\controllers\ShiritoriController.scala. Using presentation compiler with project's scala-library version: 3.3.4
2024.11.18 20:10:13 INFO  no build target found for C:\Users\miney\shiritori-game\app\controllers\ShiritoriController.scala. Using presentation compiler with project's scala-library version: 3.3.4
2024.11.18 20:10:13 INFO  no build target found for C:\Users\miney\shiritori-game\app\controllers\ShiritoriController.scala. Using presentation compiler with project's scala-library version: 3.3.4
2024.11.18 20:10:13 INFO  Attempting to connect to the build server...
2024.11.18 20:10:13 INFO  Found a Bloop server running
2024.11.18 20:10:15 INFO  tracing is disabled for protocol BSP, to enable tracing of incoming and outgoing JSON messages create an empty file at C:\Users\miney\shiritori-game\.metals\bsp.trace.json or C:\Users\miney\AppData\Local\scalameta\metals\cache\bsp.trace.json
2024.11.18 20:10:15 INFO  Attempting to connect to the build server...
2024.11.18 20:10:15 INFO  Found a Bloop server running
2024.11.18 20:10:15 INFO  Attempting to connect to the build server...
2024.11.18 20:10:15 INFO  Found a Bloop server running
2024.11.18 20:10:17 INFO  tracing is disabled for protocol BSP, to enable tracing of incoming and outgoing JSON messages create an empty file at C:\Users\miney\shiritori-game\project\.metals\bsp.trace.json or C:\Users\miney\AppData\Local\scalameta\metals\cache\bsp.trace.json
2024.11.18 20:10:17 INFO  tracing is disabled for protocol BSP, to enable tracing of incoming and outgoing JSON messages create an empty file at C:\Users\miney\shiritori-game\project\project\.metals\bsp.trace.json or C:\Users\miney\AppData\Local\scalameta\metals\cache\bsp.trace.json
2024.11.18 20:10:17 INFO  time: Connected to build server in 3.61s
2024.11.18 20:10:17 INFO  Connected to Build server: Bloop v2.0.5
2024.11.18 20:10:17 INFO  time: Imported build in 0.34s
2024.11.18 20:10:17 INFO  running doctor check
2024.11.18 20:10:17 INFO  java targets: shiritori-game-build-build, shiritori-game-build, root-test, root
2024.11.18 20:10:31 WARN  Flyway upgrade recommended: H2 2.3.232 is newer than this version of Flyway and support has not been tested. The latest supported version of H2 is 2.2.224.
2024.11.18 20:10:38 INFO  time: indexed workspace in 20s
2024.11.18 20:10:38 INFO  compiling root-test (1 scala source)
2024.11.18 20:10:41 INFO  time: compiled root-test in 2.73s
2024.11.18 20:11:35 INFO  Shutting down server
2024.11.18 20:11:35 INFO  shutting down Metals
2024.11.18 20:11:35 INFO  Shut down connection with build server.
2024.11.18 20:11:35 INFO  Shut down connection with build server.
2024.11.18 20:11:35 INFO  Shut down connection with build server.
2024.11.18 20:11:35 INFO  Exiting server
2024.11.18 20:15:34 INFO  Started: Metals version 1.4.1 in folders 'C:\Users\miney\shiritori-game' for client Visual Studio Code 1.95.3.
2024.11.18 20:15:36 WARN  Flyway upgrade recommended: H2 2.3.232 is newer than this version of Flyway and support has not been tested. The latest supported version of H2 is 2.2.224.
2024.11.18 20:15:36 INFO  no build target found for C:\Users\miney\shiritori-game\app\controllers\ShiritoriController.scala. Using presentation compiler with project's scala-library version: 3.3.4
2024.11.18 20:15:38 INFO  no build target found for C:\Users\miney\shiritori-game\app\controllers\ShiritoriController.scala. Using presentation compiler with project's scala-library version: 3.3.4
2024.11.18 20:15:38 INFO  no build target found for C:\Users\miney\shiritori-game\app\controllers\ShiritoriController.scala. Using presentation compiler with project's scala-library version: 3.3.4
11月 18, 2024 8:15:38 午後 org.eclipse.lsp4j.jsonrpc.RemoteEndpoint handleCancellation
警告: Unmatched cancel notification for request id 7
2024.11.18 20:15:38 INFO  Attempting to connect to the build server...
2024.11.18 20:15:38 INFO  Found a Bloop server running
2024.11.18 20:15:39 INFO  tracing is disabled for protocol BSP, to enable tracing of incoming and outgoing JSON messages create an empty file at C:\Users\miney\shiritori-game\.metals\bsp.trace.json or C:\Users\miney\AppData\Local\scalameta\metals\cache\bsp.trace.json
2024.11.18 20:15:39 INFO  Attempting to connect to the build server...
2024.11.18 20:15:39 INFO  Found a Bloop server running
2024.11.18 20:15:39 INFO  Attempting to connect to the build server...
2024.11.18 20:15:39 INFO  Found a Bloop server running
2024.11.18 20:15:40 INFO  tracing is disabled for protocol BSP, to enable tracing of incoming and outgoing JSON messages create an empty file at C:\Users\miney\shiritori-game\project\.metals\bsp.trace.json or C:\Users\miney\AppData\Local\scalameta\metals\cache\bsp.trace.json
2024.11.18 20:15:40 INFO  tracing is disabled for protocol BSP, to enable tracing of incoming and outgoing JSON messages create an empty file at C:\Users\miney\shiritori-game\project\project\.metals\bsp.trace.json or C:\Users\miney\AppData\Local\scalameta\metals\cache\bsp.trace.json
2024.11.18 20:15:40 INFO  time: Connected to build server in 2.02s
2024.11.18 20:15:40 INFO  Connected to Build server: Bloop v2.0.5
2024.11.18 20:15:41 INFO  time: Imported build in 0.3s
2024.11.18 20:15:41 INFO  running doctor check
2024.11.18 20:15:41 INFO  java targets: shiritori-game-build-build, shiritori-game-build, root-test, root
2024.11.18 20:15:49 WARN  Flyway upgrade recommended: H2 2.3.232 is newer than this version of Flyway and support has not been tested. The latest supported version of H2 is 2.2.224.
2024.11.18 20:15:56 INFO  time: indexed workspace in 15s
2024.11.18 20:15:56 INFO  compiling root-test (1 scala source)
2024.11.18 20:15:58 INFO  time: compiled root-test in 2.2s
2024.11.18 20:17:56 INFO  Shutting down server
2024.11.18 20:17:56 INFO  shutting down Metals
2024.11.18 20:17:56 INFO  Shut down connection with build server.
2024.11.18 20:17:56 INFO  Shut down connection with build server.
2024.11.18 20:17:56 INFO  Shut down connection with build server.
2024.11.18 20:17:56 INFO  Exiting server
